<?xml version="1.0" encoding="UTF-8"?>
<!-- Generated by org.testng.reporters.JUnitReportReporter -->
<testsuite hostname="Admin-PC" failures="0" tests="1" name="seyahatProject.DemoTest" time="33.985" errors="0" timestamp="2022-07-28T16:54:32 IST" skipped="0">
  <testcase classname="seyahatProject.DemoTest" name="getHighestPrice" time="33.985"/>
  <system-out/>
</testsuite> <!-- seyahatProject.DemoTest -->
