<?xml version="1.0" encoding="UTF-8"?>
<!-- Generated by org.testng.reporters.JUnitReportReporter -->
<testsuite hostname="Admin-PC" failures="0" tests="1" name="driverMethods.ClickMethod" time="33.090" errors="0" timestamp="2022-07-05T16:14:41 IST" skipped="0">
  <testcase classname="driverMethods.ClickMethod" name="ClickActionOnApp" time="33.090"/>
  <system-out/>
</testsuite> <!-- driverMethods.ClickMethod -->
