<?xml version="1.0" encoding="UTF-8"?>
<!-- Generated by org.testng.reporters.JUnitReportReporter -->
<testsuite hostname="Admin-PC" failures="0" tests="1" name="seyahatProject.KsrtcLoginPageTest" time="28.033" errors="0" timestamp="2022-07-14T16:56:23 IST" skipped="0">
  <testcase classname="seyahatProject.KsrtcLoginPageTest" name="loginModuleTest" time="28.033"/>
  <system-out/>
</testsuite> <!-- seyahatProject.KsrtcLoginPageTest -->
