<?xml version="1.0" encoding="UTF-8"?>
<!-- Generated by org.testng.reporters.JUnitReportReporter -->
<testsuite hostname="Admin-PC" failures="0" tests="1" name="driverMethods.LaunchAndCloseMethod" time="44.285" errors="0" timestamp="2022-07-05T14:11:29 IST" skipped="0">
  <testcase classname="driverMethods.LaunchAndCloseMethod" name="launchAndCloseApp" time="44.285"/>
  <system-out/>
</testsuite> <!-- driverMethods.LaunchAndCloseMethod -->
