<?xml version="1.0" encoding="UTF-8"?>
<!-- Generated by org.testng.reporters.JUnitReportReporter -->
<testsuite hostname="Admin-PC" failures="0" tests="1" name="driverMethods.UninstallApp" time="21.655" errors="0" timestamp="2022-07-05T14:43:36 IST" skipped="0">
  <testcase classname="driverMethods.UninstallApp" name="uninstallApp" time="21.655"/>
  <system-out/>
</testsuite> <!-- driverMethods.UninstallApp -->
