<?xml version="1.0" encoding="UTF-8"?>
<!-- Generated by org.testng.reporters.JUnitReportReporter -->
<testsuite hostname="Admin-PC" failures="0" tests="1" name="seyahatProject.BiggBasketFreshFruitsTest" time="37.489" errors="0" timestamp="2022-07-28T19:58:08 IST" skipped="0">
  <testcase classname="seyahatProject.BiggBasketFreshFruitsTest" name="getHighestPrice" time="37.489"/>
  <system-out/>
</testsuite> <!-- seyahatProject.BiggBasketFreshFruitsTest -->
