<?xml version="1.0" encoding="UTF-8"?>
<!-- Generated by org.testng.reporters.JUnitReportReporter -->
<testsuite hostname="Admin-PC" failures="0" tests="1" name="demoApplicationScripts.PerformActionOnGeneralStoreApp" time="42.012" errors="0" timestamp="2022-07-07T13:04:35 IST" skipped="0">
  <testcase classname="demoApplicationScripts.PerformActionOnGeneralStoreApp" name="productSelectOnApp" time="42.012"/>
  <system-out/>
</testsuite> <!-- demoApplicationScripts.PerformActionOnGeneralStoreApp -->
