<?xml version="1.0" encoding="UTF-8"?>
<!-- Generated by org.testng.reporters.JUnitReportReporter -->
<testsuite hostname="Admin-PC" failures="0" tests="1" name="driverMethods.DragAndDropAction" time="31.842" errors="0" timestamp="2022-07-07T11:50:33 IST" skipped="0">
  <testcase classname="driverMethods.DragAndDropAction" name="dragAndDropActionOnApiDemoApp" time="31.842"/>
  <system-out/>
</testsuite> <!-- driverMethods.DragAndDropAction -->
