<?xml version="1.0" encoding="UTF-8"?>
<!-- Generated by org.testng.reporters.JUnitReportReporter -->
<testsuite hostname="Admin-PC" failures="0" tests="1" name="driverMethods.ToastMessageHandleProgram" time="21.572" errors="0" timestamp="2022-07-08T12:59:29 IST" skipped="0">
  <testcase classname="driverMethods.ToastMessageHandleProgram" name="toastMessageHandleOnApp" time="21.572"/>
  <system-out/>
</testsuite> <!-- driverMethods.ToastMessageHandleProgram -->
