<?xml version="1.0" encoding="UTF-8"?>
<!-- Generated by org.testng.reporters.JUnitReportReporter -->
<testsuite hostname="Admin-PC" failures="0" tests="1" name="driverMethods.ScrollToElementsMethod" time="46.690" errors="0" timestamp="2022-07-08T15:03:36 IST" skipped="0">
  <testcase classname="driverMethods.ScrollToElementsMethod" name="scrollToElement" time="46.690"/>
  <system-out/>
</testsuite> <!-- driverMethods.ScrollToElementsMethod -->
