<?xml version="1.0" encoding="UTF-8"?>
<!-- Generated by org.testng.reporters.JUnitReportReporter -->
<testsuite hostname="Admin-PC" failures="0" tests="1" name="seyahatProject.PricefetchTest" time="100.960" errors="0" timestamp="2022-08-02T15:08:45 IST" skipped="0">
  <testcase classname="seyahatProject.PricefetchTest" name="pricefetch" time="100.960"/>
  <system-out/>
</testsuite> <!-- seyahatProject.PricefetchTest -->
