<?xml version="1.0" encoding="UTF-8"?>
<!-- Generated by org.testng.reporters.JUnitReportReporter -->
<testsuite hostname="Admin-PC" failures="0" tests="1" name="driverMethods.InstallAndUninstallMethod" time="17.689" errors="0" timestamp="2022-07-05T14:44:44 IST" skipped="0">
  <testcase classname="driverMethods.InstallAndUninstallMethod" name="installAndUninstallApp" time="17.689"/>
  <system-out/>
</testsuite> <!-- driverMethods.InstallAndUninstallMethod -->
