<?xml version="1.0" encoding="UTF-8"?>
<!-- Generated by org.testng.reporters.JUnitReportReporter -->
<testsuite hostname="Admin-PC" failures="0" tests="1" name="seyahatProject.KsrtcSingleTripJourneyTest" time="83.022" errors="0" timestamp="2022-07-14T21:48:45 IST" skipped="0">
  <testcase classname="seyahatProject.KsrtcSingleTripJourneyTest" name="singleTripTest" time="83.022"/>
  <system-out/>
</testsuite> <!-- seyahatProject.KsrtcSingleTripJourneyTest -->
