<?xml version="1.0" encoding="UTF-8"?>
<!-- Generated by org.testng.reporters.JUnitReportReporter -->
<testsuite hostname="Admin-PC" failures="0" tests="1" name="driverMethods.ClickActionUsingGenericMethod" time="30.021" errors="0" timestamp="2022-07-05T16:29:26 IST" skipped="0">
  <testcase classname="driverMethods.ClickActionUsingGenericMethod" name="clickActionUsingGenericMethod" time="30.021"/>
  <system-out/>
</testsuite> <!-- driverMethods.ClickActionUsingGenericMethod -->
