<?xml version="1.0" encoding="UTF-8"?>
<!-- Generated by org.testng.reporters.JUnitReportReporter -->
<testsuite hostname="Admin-PC" failures="0" tests="1" name="seyahatProject.TicketBookingForBusTest" time="90.159" errors="0" timestamp="2022-07-10T14:04:36 IST" skipped="0">
  <testcase classname="seyahatProject.TicketBookingForBusTest" name="tickectBookonAbhiBusApp" time="90.159"/>
  <system-out/>
</testsuite> <!-- seyahatProject.TicketBookingForBusTest -->
