<?xml version="1.0" encoding="UTF-8"?>
<!-- Generated by org.testng.reporters.JUnitReportReporter -->
<testsuite hostname="Admin-PC" failures="0" tests="1" name="demoApplicationScripts.PerformActionsOnApiDemoApp2" time="29.250" errors="0" timestamp="2022-07-08T12:19:22 IST" skipped="0">
  <testcase classname="demoApplicationScripts.PerformActionsOnApiDemoApp2" name="performActionOnApiDemoApp2" time="29.250"/>
  <system-out/>
</testsuite> <!-- demoApplicationScripts.PerformActionsOnApiDemoApp2 -->
