<?xml version="1.0" encoding="UTF-8"?>
<!-- Generated by org.testng.reporters.JUnitReportReporter -->
<testsuite hostname="Admin-PC" failures="0" tests="1" name="demoApplicationScripts.PerformActionOnTouchScreenApp" time="55.526" errors="0" timestamp="2022-07-08T14:33:43 IST" skipped="0">
  <testcase classname="demoApplicationScripts.PerformActionOnTouchScreenApp" name="orentiationActionOnApps" time="55.526"/>
  <system-out/>
</testsuite> <!-- demoApplicationScripts.PerformActionOnTouchScreenApp -->
