<?xml version="1.0" encoding="UTF-8"?>
<!-- Generated by org.testng.reporters.JUnitReportReporter -->
<testsuite hostname="Admin-PC" failures="0" tests="1" name="seyahatProject.KsrtcSearchForBusTicketsTest" time="51.715" errors="0" timestamp="2022-07-14T21:15:10 IST" skipped="0">
  <testcase classname="seyahatProject.KsrtcSearchForBusTicketsTest" name="searchingforAvailableBusTickets" time="51.715"/>
  <system-out/>
</testsuite> <!-- seyahatProject.KsrtcSearchForBusTicketsTest -->
