<?xml version="1.0" encoding="UTF-8"?>
<!-- Generated by org.testng.reporters.JUnitReportReporter -->
<testsuite hostname="Admin-PC" failures="0" tests="1" name="demoApplicationScripts.PerformActionOnApiDemoApp" time="66.353" errors="0" timestamp="2022-07-07T10:28:42 IST" skipped="0">
  <testcase classname="demoApplicationScripts.PerformActionOnApiDemoApp" name="clickActiononApp" time="66.353"/>
  <system-out/>
</testsuite> <!-- demoApplicationScripts.PerformActionOnApiDemoApp -->
