<?xml version="1.0" encoding="UTF-8"?>
<!-- Generated by org.testng.reporters.JUnitReportReporter -->
<testsuite hostname="Admin-PC" failures="0" tests="1" name="driverMethods.ZoomAndPinchMethod" time="22.038" errors="0" timestamp="2022-07-08T11:48:20 IST" skipped="0">
  <testcase classname="driverMethods.ZoomAndPinchMethod" name="zoomAndPinchOnAppTest" time="22.038"/>
  <system-out/>
</testsuite> <!-- driverMethods.ZoomAndPinchMethod -->
