<?xml version="1.0" encoding="UTF-8"?>
<!-- Generated by org.testng.reporters.JUnitReportReporter -->
<testsuite hostname="Admin-PC" failures="0" tests="1" name="driverMethods.DeviceHardwaresActionsTest" time="29.298" errors="0" timestamp="2022-07-07T17:05:16 IST" skipped="0">
  <testcase classname="driverMethods.DeviceHardwaresActionsTest" name="orentiationActionOnApps" time="29.298"/>
  <system-out/>
</testsuite> <!-- driverMethods.DeviceHardwaresActionsTest -->
